2025-03-06 17:34:36.371 +05:00 [INF] User profile is available. Using 'C:\Users\DELL\AppData\Local\ASP.NET\DataProtection-Keys' as key repository and Windows DPAPI to encrypt keys at rest.
2025-03-06 17:34:37.502 +05:00 [INF] Now listening on: https://localhost:7292
2025-03-06 17:34:37.536 +05:00 [INF] Now listening on: http://localhost:5285
2025-03-06 17:34:38.280 +05:00 [INF] Application started. Press Ctrl+C to shut down.
2025-03-06 17:34:38.297 +05:00 [INF] Hosting environment: Development
2025-03-06 17:34:38.335 +05:00 [INF] Content root path: D:\Work\Bookstore\BookstoreSolution\BookstoreGraphQL.API\
2025-03-06 17:34:44.614 +05:00 [INF] Request starting HTTP/2 GET https://localhost:7292/graphql - -
2025-03-06 17:34:45.755 +05:00 [INF] Executing endpoint 'Hot Chocolate GraphQL Pipeline'
2025-03-06 17:34:46.544 +05:00 [INF] Executed endpoint 'Hot Chocolate GraphQL Pipeline'
2025-03-06 17:34:46.577 +05:00 [INF] Request finished HTTP/2 GET https://localhost:7292/graphql - - - 301 0 - 1975.1840ms
2025-03-06 17:34:50.849 +05:00 [INF] Request starting HTTP/2 GET https://localhost:7292/graphql/service-worker.js - -
2025-03-06 17:34:50.853 +05:00 [INF] Request starting HTTP/2 GET https://localhost:7292/graphql/nitro-config.json - -
2025-03-06 17:34:50.864 +05:00 [INF] Executing endpoint 'Hot Chocolate GraphQL Pipeline'
2025-03-06 17:34:50.893 +05:00 [INF] Executing endpoint 'Hot Chocolate GraphQL Pipeline'
2025-03-06 17:34:54.073 +05:00 [INF] Executed endpoint 'Hot Chocolate GraphQL Pipeline'
2025-03-06 17:34:54.110 +05:00 [INF] Request finished HTTP/2 GET https://localhost:7292/graphql/nitro-config.json - - - 404 9 text/plain 3256.5456ms
2025-03-06 17:34:54.291 +05:00 [INF] Request starting HTTP/2 GET https://localhost:7292/graphql/bcp-config.json - -
2025-03-06 17:34:54.421 +05:00 [INF] Executing endpoint 'Hot Chocolate GraphQL Pipeline'
2025-03-06 17:34:54.481 +05:00 [INF] Executed endpoint 'Hot Chocolate GraphQL Pipeline'
2025-03-06 17:34:54.481 +05:00 [INF] Executed endpoint 'Hot Chocolate GraphQL Pipeline'
2025-03-06 17:34:54.536 +05:00 [INF] Request finished HTTP/2 GET https://localhost:7292/graphql/bcp-config.json - - - 200 47 application/json;+charset=utf-8 245.6355ms
2025-03-06 17:34:54.550 +05:00 [INF] Request finished HTTP/2 GET https://localhost:7292/graphql/service-worker.js - - - 200 - application/javascript 3701.6939ms
2025-03-06 17:34:54.561 +05:00 [INF] Request starting HTTP/2 GET https://localhost:7292/graphql/service-worker.js - -
2025-03-06 17:34:54.571 +05:00 [INF] Executing endpoint 'Hot Chocolate GraphQL Pipeline'
2025-03-06 17:34:54.658 +05:00 [INF] Executed endpoint 'Hot Chocolate GraphQL Pipeline'
2025-03-06 17:34:54.743 +05:00 [INF] Request finished HTTP/2 GET https://localhost:7292/graphql/service-worker.js - - - 304 - - 182.1785ms
2025-03-06 17:34:56.059 +05:00 [INF] Request starting HTTP/2 GET https://localhost:7292/graphql/index.html - -
2025-03-06 17:34:56.604 +05:00 [INF] Request starting HTTP/2 GET https://localhost:7292/graphql/schema.graphql - -
2025-03-06 17:34:57.885 +05:00 [INF] Executing endpoint 'Hot Chocolate GraphQL Pipeline'
2025-03-06 17:34:57.896 +05:00 [INF] Executing endpoint 'Hot Chocolate GraphQL Pipeline'
2025-03-06 17:34:58.243 +05:00 [INF] Executed endpoint 'Hot Chocolate GraphQL Pipeline'
2025-03-06 17:34:58.322 +05:00 [INF] Executed endpoint 'Hot Chocolate GraphQL Pipeline'
2025-03-06 17:34:58.375 +05:00 [INF] Request finished HTTP/2 GET https://localhost:7292/graphql/schema.graphql - - - 404 9 text/plain 1770.7750ms
2025-03-06 17:34:58.408 +05:00 [INF] Request finished HTTP/2 GET https://localhost:7292/graphql/index.html - - - 200 - text/html 2348.3756ms
2025-03-06 17:34:58.465 +05:00 [INF] Request starting HTTP/2 POST https://localhost:7292/graphql application/json 158
2025-03-06 17:34:58.475 +05:00 [INF] Request starting HTTP/2 POST https://localhost:7292/graphql application/json 156
2025-03-06 17:34:58.475 +05:00 [INF] Request starting HTTP/2 POST https://localhost:7292/graphql application/json 161
2025-03-06 17:34:58.475 +05:00 [INF] Request starting HTTP/2 POST https://localhost:7292/graphql application/json 152
2025-03-06 17:34:58.495 +05:00 [INF] Request starting HTTP/2 GET https://localhost:7292/graphql/static/js/121.f86cca16.js - -
2025-03-06 17:34:58.513 +05:00 [INF] CORS policy execution failed.
2025-03-06 17:34:58.513 +05:00 [INF] Executing endpoint 'Hot Chocolate GraphQL Pipeline'
2025-03-06 17:34:58.513 +05:00 [INF] CORS policy execution failed.
2025-03-06 17:34:58.519 +05:00 [INF] Request origin https://localhost:7292 does not have permission to access the resource.
2025-03-06 17:34:58.513 +05:00 [INF] CORS policy execution failed.
2025-03-06 17:34:58.554 +05:00 [INF] Request origin https://localhost:7292 does not have permission to access the resource.
2025-03-06 17:34:58.544 +05:00 [INF] Request origin https://localhost:7292 does not have permission to access the resource.
2025-03-06 17:34:58.584 +05:00 [INF] Executing endpoint 'Hot Chocolate GraphQL Pipeline'
2025-03-06 17:34:58.513 +05:00 [INF] CORS policy execution failed.
2025-03-06 17:34:58.588 +05:00 [INF] Request origin https://localhost:7292 does not have permission to access the resource.
2025-03-06 17:34:58.593 +05:00 [INF] Executing endpoint 'Hot Chocolate GraphQL Pipeline'
2025-03-06 17:34:58.554 +05:00 [INF] Executing endpoint 'Hot Chocolate GraphQL Pipeline'
2025-03-06 17:34:58.596 +05:00 [INF] Executing endpoint 'Hot Chocolate GraphQL Pipeline'
2025-03-06 17:34:58.885 +05:00 [INF] Executed endpoint 'Hot Chocolate GraphQL Pipeline'
2025-03-06 17:34:58.947 +05:00 [INF] Request finished HTTP/2 GET https://localhost:7292/graphql/static/js/121.f86cca16.js - - - 200 - application/javascript 451.7435ms
2025-03-06 17:34:58.974 +05:00 [INF] Request starting HTTP/2 GET https://localhost:7292/graphql/static/js/153.a311f767.chunk.js - -
2025-03-06 17:34:58.978 +05:00 [INF] Executing endpoint 'Hot Chocolate GraphQL Pipeline'
2025-03-06 17:34:59.675 +05:00 [INF] Executed endpoint 'Hot Chocolate GraphQL Pipeline'
2025-03-06 17:34:59.727 +05:00 [INF] Request finished HTTP/2 GET https://localhost:7292/graphql/static/js/153.a311f767.chunk.js - - - 200 - application/javascript 752.5712ms
2025-03-06 17:35:00.120 +05:00 [INF] Request starting HTTP/2 GET https://localhost:7292/graphql/static/js/195.647e0d8d.chunk.js - -
2025-03-06 17:35:00.426 +05:00 [INF] Executing endpoint 'Hot Chocolate GraphQL Pipeline'
2025-03-06 17:35:00.779 +05:00 [INF] Executed endpoint 'Hot Chocolate GraphQL Pipeline'
2025-03-06 17:35:00.860 +05:00 [INF] Request finished HTTP/2 GET https://localhost:7292/graphql/static/js/195.647e0d8d.chunk.js - - - 200 - application/javascript 740.2270ms
2025-03-06 17:35:00.886 +05:00 [INF] Request starting HTTP/2 GET https://localhost:7292/graphql/static/js/217.6308b9d4.chunk.js - -
2025-03-06 17:35:00.892 +05:00 [INF] Executing endpoint 'Hot Chocolate GraphQL Pipeline'
2025-03-06 17:35:01.360 +05:00 [INF] Executed endpoint 'Hot Chocolate GraphQL Pipeline'
2025-03-06 17:35:02.808 +05:00 [INF] Request finished HTTP/2 GET https://localhost:7292/graphql/static/js/217.6308b9d4.chunk.js - - - 200 - application/javascript 1921.2944ms
2025-03-06 17:35:02.893 +05:00 [INF] Request starting HTTP/2 GET https://localhost:7292/graphql/static/js/264.f86cca16.js - -
2025-03-06 17:35:05.211 +05:00 [INF] Executed endpoint 'Hot Chocolate GraphQL Pipeline'
2025-03-06 17:35:05.211 +05:00 [INF] Executed endpoint 'Hot Chocolate GraphQL Pipeline'
2025-03-06 17:35:05.211 +05:00 [INF] Executed endpoint 'Hot Chocolate GraphQL Pipeline'
2025-03-06 17:35:06.027 +05:00 [INF] Request finished HTTP/2 POST https://localhost:7292/graphql application/json 152 - 200 - application/graphql-response+json;+charset=utf-8 7551.5000ms
2025-03-06 17:35:05.970 +05:00 [INF] Request finished HTTP/2 POST https://localhost:7292/graphql application/json 156 - 200 - application/graphql-response+json;+charset=utf-8 7494.4168ms
2025-03-06 17:35:05.997 +05:00 [INF] Request finished HTTP/2 POST https://localhost:7292/graphql application/json 158 - 200 - application/graphql-response+json;+charset=utf-8 7531.8859ms
2025-03-06 17:35:05.950 +05:00 [INF] Executing endpoint 'Hot Chocolate GraphQL Pipeline'
2025-03-06 17:35:06.090 +05:00 [INF] Executed endpoint 'Hot Chocolate GraphQL Pipeline'
2025-03-06 17:35:06.742 +05:00 [INF] Request finished HTTP/2 POST https://localhost:7292/graphql application/json 161 - 200 - application/graphql-response+json;+charset=utf-8 8267.2968ms
2025-03-06 17:35:06.762 +05:00 [INF] Request starting HTTP/2 POST https://localhost:7292/graphql application/json 1439
2025-03-06 17:35:06.778 +05:00 [INF] CORS policy execution failed.
2025-03-06 17:35:06.779 +05:00 [INF] Request origin https://localhost:7292 does not have permission to access the resource.
2025-03-06 17:35:06.781 +05:00 [INF] Executing endpoint 'Hot Chocolate GraphQL Pipeline'
2025-03-06 17:35:06.928 +05:00 [INF] Executed endpoint 'Hot Chocolate GraphQL Pipeline'
2025-03-06 17:35:06.936 +05:00 [INF] Request finished HTTP/2 POST https://localhost:7292/graphql application/json 1439 - 200 - application/graphql-response+json;+charset=utf-8 173.6501ms
2025-03-06 17:35:06.992 +05:00 [INF] Executed endpoint 'Hot Chocolate GraphQL Pipeline'
2025-03-06 17:35:09.327 +05:00 [INF] Request finished HTTP/2 GET https://localhost:7292/graphql/static/js/264.f86cca16.js - - - 200 - application/javascript 6434.3639ms
2025-03-06 17:35:09.560 +05:00 [INF] Request starting HTTP/2 GET https://localhost:7292/graphql/static/js/320.f86cca16.js - -
2025-03-06 17:35:17.123 +05:00 [INF] Executing endpoint 'Hot Chocolate GraphQL Pipeline'
2025-03-06 17:35:20.939 +05:00 [INF] Executed endpoint 'Hot Chocolate GraphQL Pipeline'
2025-03-06 17:35:21.677 +05:00 [INF] Request finished HTTP/2 GET https://localhost:7292/graphql/static/js/320.f86cca16.js - - - 200 - application/javascript 12117.2896ms
2025-03-06 17:35:21.724 +05:00 [INF] Request starting HTTP/2 GET https://localhost:7292/graphql/static/js/629.f86cca16.js - -
2025-03-06 17:35:21.736 +05:00 [INF] Executing endpoint 'Hot Chocolate GraphQL Pipeline'
2025-03-06 17:35:25.112 +05:00 [INF] Executed endpoint 'Hot Chocolate GraphQL Pipeline'
2025-03-06 17:35:25.135 +05:00 [INF] Request finished HTTP/2 GET https://localhost:7292/graphql/static/js/629.f86cca16.js - - - 200 - application/javascript 3411.1328ms
2025-03-06 17:35:27.495 +05:00 [INF] Request starting HTTP/2 GET https://localhost:7292/graphql/static/js/687.f86cca16.js - -
2025-03-06 17:35:27.654 +05:00 [INF] Executing endpoint 'Hot Chocolate GraphQL Pipeline'
2025-03-06 17:35:28.506 +05:00 [INF] Executed endpoint 'Hot Chocolate GraphQL Pipeline'
2025-03-06 17:35:28.544 +05:00 [INF] Request finished HTTP/2 GET https://localhost:7292/graphql/static/js/687.f86cca16.js - - - 200 - application/javascript 1049.4891ms
2025-03-06 17:35:28.804 +05:00 [INF] Request starting HTTP/2 GET https://localhost:7292/graphql/static/js/864.f86cca16.js - -
2025-03-06 17:35:28.810 +05:00 [INF] Executing endpoint 'Hot Chocolate GraphQL Pipeline'
2025-03-06 17:35:29.284 +05:00 [INF] Executed endpoint 'Hot Chocolate GraphQL Pipeline'
2025-03-06 17:35:29.293 +05:00 [INF] Request finished HTTP/2 GET https://localhost:7292/graphql/static/js/864.f86cca16.js - - - 200 - application/javascript 490.7719ms
2025-03-06 17:35:29.317 +05:00 [INF] Request starting HTTP/2 GET https://localhost:7292/graphql/static/js/936.f86cca16.js - -
2025-03-06 17:35:29.323 +05:00 [INF] Executing endpoint 'Hot Chocolate GraphQL Pipeline'
2025-03-06 17:35:29.705 +05:00 [INF] Executed endpoint 'Hot Chocolate GraphQL Pipeline'
2025-03-06 17:35:29.723 +05:00 [INF] Request finished HTTP/2 GET https://localhost:7292/graphql/static/js/936.f86cca16.js - - - 200 - application/javascript 406.4620ms
2025-03-06 17:35:29.746 +05:00 [INF] Request starting HTTP/2 GET https://localhost:7292/graphql/static/js/editor.f86cca16.js - -
2025-03-06 17:35:29.751 +05:00 [INF] Executing endpoint 'Hot Chocolate GraphQL Pipeline'
2025-03-06 17:35:30.289 +05:00 [INF] Executed endpoint 'Hot Chocolate GraphQL Pipeline'
2025-03-06 17:35:30.354 +05:00 [INF] Request finished HTTP/2 GET https://localhost:7292/graphql/static/js/editor.f86cca16.js - - - 200 - application/javascript 607.2825ms
2025-03-06 17:35:30.433 +05:00 [INF] Request starting HTTP/2 GET https://localhost:7292/graphql/static/js/graphql-engine.4dc0fdf5.chunk.js - -
2025-03-06 17:35:30.438 +05:00 [INF] Executing endpoint 'Hot Chocolate GraphQL Pipeline'
2025-03-06 17:35:30.884 +05:00 [INF] Executed endpoint 'Hot Chocolate GraphQL Pipeline'
2025-03-06 17:35:31.069 +05:00 [INF] Request finished HTTP/2 GET https://localhost:7292/graphql/static/js/graphql-engine.4dc0fdf5.chunk.js - - - 200 - application/javascript 635.7517ms
2025-03-06 17:35:31.110 +05:00 [INF] Request starting HTTP/2 GET https://localhost:7292/graphql/static/js/graphql-indexer.a3c8d532.chunk.js - -
2025-03-06 17:35:31.125 +05:00 [INF] Executing endpoint 'Hot Chocolate GraphQL Pipeline'
2025-03-06 17:35:31.537 +05:00 [INF] Executed endpoint 'Hot Chocolate GraphQL Pipeline'
2025-03-06 17:35:31.650 +05:00 [INF] Request finished HTTP/2 GET https://localhost:7292/graphql/static/js/graphql-indexer.a3c8d532.chunk.js - - - 200 - application/javascript 540.0729ms
2025-03-06 17:35:31.714 +05:00 [INF] Request starting HTTP/2 GET https://localhost:7292/graphql/static/js/graphql.worker.f86cca16.js - -
2025-03-06 17:35:32.206 +05:00 [INF] Executing endpoint 'Hot Chocolate GraphQL Pipeline'
2025-03-06 17:35:33.937 +05:00 [INF] Executed endpoint 'Hot Chocolate GraphQL Pipeline'
2025-03-06 17:35:33.988 +05:00 [INF] Request finished HTTP/2 GET https://localhost:7292/graphql/static/js/graphql.worker.f86cca16.js - - - 200 - application/javascript 2273.8514ms
2025-03-06 17:35:34.336 +05:00 [INF] Request starting HTTP/2 GET https://localhost:7292/graphql/static/js/json.f86cca16.js - -
2025-03-06 17:35:34.349 +05:00 [INF] Executing endpoint 'Hot Chocolate GraphQL Pipeline'
2025-03-06 17:35:36.316 +05:00 [INF] Executed endpoint 'Hot Chocolate GraphQL Pipeline'
2025-03-06 17:35:36.337 +05:00 [INF] Request finished HTTP/2 GET https://localhost:7292/graphql/static/js/json.f86cca16.js - - - 200 - application/javascript 2001.6132ms
2025-03-06 17:35:36.455 +05:00 [INF] Request starting HTTP/2 GET https://localhost:7292/graphql/static/js/main.f86cca16.js - -
2025-03-06 17:35:36.460 +05:00 [INF] Executing endpoint 'Hot Chocolate GraphQL Pipeline'
2025-03-06 17:35:37.089 +05:00 [INF] Executed endpoint 'Hot Chocolate GraphQL Pipeline'
2025-03-06 17:35:37.104 +05:00 [INF] Request finished HTTP/2 GET https://localhost:7292/graphql/static/js/main.f86cca16.js - - - 200 - application/javascript 648.9493ms
2025-03-06 17:35:37.325 +05:00 [INF] Request starting HTTP/2 GET https://localhost:7292/graphql/static/js/polyfills.f86cca16.js - -
2025-03-06 17:35:37.333 +05:00 [INF] Executing endpoint 'Hot Chocolate GraphQL Pipeline'
2025-03-06 17:35:37.701 +05:00 [INF] Executed endpoint 'Hot Chocolate GraphQL Pipeline'
2025-03-06 17:35:37.706 +05:00 [INF] Request finished HTTP/2 GET https://localhost:7292/graphql/static/js/polyfills.f86cca16.js - - - 200 - application/javascript 379.9643ms
2025-03-06 17:35:37.788 +05:00 [INF] Request starting HTTP/2 GET https://localhost:7292/graphql/static/js/session.00981643.chunk.js - -
2025-03-06 17:35:37.793 +05:00 [INF] Executing endpoint 'Hot Chocolate GraphQL Pipeline'
2025-03-06 17:35:38.233 +05:00 [INF] Executed endpoint 'Hot Chocolate GraphQL Pipeline'
2025-03-06 17:35:38.236 +05:00 [INF] Request finished HTTP/2 GET https://localhost:7292/graphql/static/js/session.00981643.chunk.js - - - 200 - application/javascript 448.3304ms
2025-03-06 17:35:38.275 +05:00 [INF] Request starting HTTP/2 GET https://localhost:7292/graphql/static/js/yaml.worker.f86cca16.js - -
2025-03-06 17:35:38.300 +05:00 [INF] Executing endpoint 'Hot Chocolate GraphQL Pipeline'
2025-03-06 17:35:38.796 +05:00 [INF] Executed endpoint 'Hot Chocolate GraphQL Pipeline'
2025-03-06 17:35:38.799 +05:00 [INF] Request finished HTTP/2 GET https://localhost:7292/graphql/static/js/yaml.worker.f86cca16.js - - - 200 - application/javascript 523.5096ms
2025-03-06 17:35:39.325 +05:00 [INF] Request starting HTTP/2 GET https://localhost:7292/graphql/service-worker.js - -
2025-03-06 17:35:39.404 +05:00 [INF] Executing endpoint 'Hot Chocolate GraphQL Pipeline'
2025-03-06 17:35:39.455 +05:00 [INF] Executed endpoint 'Hot Chocolate GraphQL Pipeline'
2025-03-06 17:35:39.465 +05:00 [INF] Request finished HTTP/2 GET https://localhost:7292/graphql/service-worker.js - - - 304 - - 140.1864ms
2025-03-06 17:36:25.035 +05:00 [INF] Request starting HTTP/2 GET https://localhost:7292/graphql/service-worker.js - -
2025-03-06 17:36:25.044 +05:00 [INF] Executing endpoint 'Hot Chocolate GraphQL Pipeline'
2025-03-06 17:36:25.169 +05:00 [INF] Executed endpoint 'Hot Chocolate GraphQL Pipeline'
2025-03-06 17:36:25.173 +05:00 [INF] Request finished HTTP/2 GET https://localhost:7292/graphql/service-worker.js - - - 304 - - 137.7688ms
2025-03-06 17:37:39.624 +05:00 [INF] Request starting HTTP/2 OPTIONS https://localhost:7292/graphql - -
2025-03-06 17:37:39.627 +05:00 [INF] CORS policy execution successful.
2025-03-06 17:37:39.635 +05:00 [INF] Request finished HTTP/2 OPTIONS https://localhost:7292/graphql - - - 204 - - 19.9092ms
2025-03-06 17:37:39.640 +05:00 [INF] Request starting HTTP/2 POST https://localhost:7292/graphql application/json;+charset=utf-8 233
2025-03-06 17:37:39.642 +05:00 [INF] CORS policy execution successful.
2025-03-06 17:37:39.643 +05:00 [INF] Executing endpoint 'Hot Chocolate GraphQL Pipeline'
2025-03-06 17:37:41.440 +05:00 [WRN] User password validation failed: PasswordRequiresNonAlphanumeric;PasswordRequiresUpper.
2025-03-06 17:37:41.476 +05:00 [INF] Executed endpoint 'Hot Chocolate GraphQL Pipeline'
2025-03-06 17:37:41.525 +05:00 [INF] Request finished HTTP/2 POST https://localhost:7292/graphql application/json;+charset=utf-8 233 - 500 - application/graphql-response+json;+charset=utf-8 1885.4924ms
2025-03-06 17:44:08.199 +05:00 [INF] Request starting HTTP/2 OPTIONS https://localhost:7292/graphql - -
2025-03-06 17:44:08.213 +05:00 [INF] CORS policy execution successful.
2025-03-06 17:44:08.215 +05:00 [INF] Request finished HTTP/2 OPTIONS https://localhost:7292/graphql - - - 204 - - 15.9580ms
2025-03-06 17:44:08.229 +05:00 [INF] Request starting HTTP/2 POST https://localhost:7292/graphql application/json;+charset=utf-8 220
2025-03-06 17:44:08.304 +05:00 [INF] CORS policy execution successful.
2025-03-06 17:44:08.331 +05:00 [INF] Executing endpoint 'Hot Chocolate GraphQL Pipeline'
2025-03-06 17:44:41.464 +05:00 [INF] Executed endpoint 'Hot Chocolate GraphQL Pipeline'
2025-03-06 17:44:41.466 +05:00 [INF] Request finished HTTP/2 POST https://localhost:7292/graphql application/json;+charset=utf-8 220 - 500 - application/graphql-response+json;+charset=utf-8 33237.3534ms
2025-03-06 17:45:47.724 +05:00 [INF] Request starting HTTP/2 OPTIONS https://localhost:7292/graphql - -
2025-03-06 17:45:47.725 +05:00 [INF] CORS policy execution successful.
2025-03-06 17:45:47.727 +05:00 [INF] Request finished HTTP/2 OPTIONS https://localhost:7292/graphql - - - 204 - - 2.6655ms
2025-03-06 17:45:47.729 +05:00 [INF] Request starting HTTP/2 POST https://localhost:7292/graphql application/json;+charset=utf-8 222
2025-03-06 17:45:47.731 +05:00 [INF] CORS policy execution successful.
2025-03-06 17:45:47.733 +05:00 [INF] Executing endpoint 'Hot Chocolate GraphQL Pipeline'
2025-03-06 17:45:50.970 +05:00 [WRN] User password validation failed: PasswordRequiresNonAlphanumeric;PasswordRequiresLower;PasswordRequiresUpper.
2025-03-06 17:45:50.999 +05:00 [INF] Executed endpoint 'Hot Chocolate GraphQL Pipeline'
2025-03-06 17:45:51.005 +05:00 [INF] Request finished HTTP/2 POST https://localhost:7292/graphql application/json;+charset=utf-8 222 - 500 - application/graphql-response+json;+charset=utf-8 3275.8850ms
2025-03-06 17:46:08.389 +05:00 [INF] Request starting HTTP/2 OPTIONS https://localhost:7292/graphql - -
2025-03-06 17:46:08.442 +05:00 [INF] CORS policy execution successful.
2025-03-06 17:46:08.466 +05:00 [INF] Request finished HTTP/2 OPTIONS https://localhost:7292/graphql - - - 204 - - 76.1582ms
2025-03-06 17:46:08.475 +05:00 [INF] Request starting HTTP/2 POST https://localhost:7292/graphql application/json;+charset=utf-8 222
2025-03-06 17:46:08.476 +05:00 [INF] CORS policy execution successful.
2025-03-06 17:46:08.479 +05:00 [INF] Executing endpoint 'Hot Chocolate GraphQL Pipeline'
2025-03-06 17:46:15.104 +05:00 [WRN] User password validation failed: PasswordRequiresNonAlphanumeric;PasswordRequiresLower;PasswordRequiresUpper.
2025-03-06 17:46:15.107 +05:00 [INF] Executed endpoint 'Hot Chocolate GraphQL Pipeline'
2025-03-06 17:46:15.109 +05:00 [INF] Request finished HTTP/2 POST https://localhost:7292/graphql application/json;+charset=utf-8 222 - 500 - application/graphql-response+json;+charset=utf-8 6634.0209ms
2025-03-06 17:46:47.837 +05:00 [INF] Request starting HTTP/2 OPTIONS https://localhost:7292/graphql - -
2025-03-06 17:46:47.849 +05:00 [INF] CORS policy execution successful.
2025-03-06 17:46:47.850 +05:00 [INF] Request finished HTTP/2 OPTIONS https://localhost:7292/graphql - - - 204 - - 12.9295ms
2025-03-06 17:46:47.867 +05:00 [INF] Request starting HTTP/2 POST https://localhost:7292/graphql application/json;+charset=utf-8 166
2025-03-06 17:46:47.869 +05:00 [INF] CORS policy execution successful.
2025-03-06 17:46:47.871 +05:00 [INF] Executing endpoint 'Hot Chocolate GraphQL Pipeline'
2025-03-06 17:46:50.076 +05:00 [WRN] No store type was specified for the decimal property 'Price' on entity type 'Book'. This will cause values to be silently truncated if they do not fit in the default precision and scale. Explicitly specify the SQL server column type that can accommodate all the values in 'OnModelCreating' using 'HasColumnType', specify precision and scale using 'HasPrecision', or configure a value converter using 'HasConversion'.
2025-03-06 17:46:50.440 +05:00 [INF] Entity Framework Core 6.0.36 initialized 'BookstoreDbContext' using provider 'Microsoft.EntityFrameworkCore.SqlServer:6.0.36' with options: None
2025-03-06 17:46:53.825 +05:00 [INF] Executed DbCommand (253ms) [Parameters=[@__normalizedEmail_0='?' (Size = 256)], CommandType='"Text"', CommandTimeout='30']
SELECT TOP(2) [a].[Id], [a].[AccessFailedCount], [a].[ConcurrencyStamp], [a].[Email], [a].[EmailConfirmed], [a].[FullName], [a].[LockoutEnabled], [a].[LockoutEnd], [a].[NormalizedEmail], [a].[NormalizedUserName], [a].[PasswordHash], [a].[PhoneNumber], [a].[PhoneNumberConfirmed], [a].[SecurityStamp], [a].[TwoFactorEnabled], [a].[UserName]
FROM [AspNetUsers] AS [a]
WHERE [a].[NormalizedEmail] = @__normalizedEmail_0
2025-03-06 17:46:54.007 +05:00 [INF] Executed endpoint 'Hot Chocolate GraphQL Pipeline'
2025-03-06 17:46:54.077 +05:00 [INF] Request finished HTTP/2 POST https://localhost:7292/graphql application/json;+charset=utf-8 166 - 500 - application/graphql-response+json;+charset=utf-8 6210.4168ms
2025-03-06 17:47:09.239 +05:00 [INF] Request starting HTTP/2 OPTIONS https://localhost:7292/graphql - -
2025-03-06 17:47:09.248 +05:00 [INF] CORS policy execution successful.
2025-03-06 17:47:09.249 +05:00 [INF] Request finished HTTP/2 OPTIONS https://localhost:7292/graphql - - - 204 - - 12.9724ms
2025-03-06 17:47:09.268 +05:00 [INF] Request starting HTTP/2 POST https://localhost:7292/graphql application/json 57
2025-03-06 17:47:09.270 +05:00 [INF] CORS policy execution successful.
2025-03-06 17:47:09.274 +05:00 [INF] Executing endpoint 'Hot Chocolate GraphQL Pipeline'
2025-03-06 17:47:09.746 +05:00 [INF] Entity Framework Core 6.0.36 initialized 'BookstoreDbContext' using provider 'Microsoft.EntityFrameworkCore.SqlServer:6.0.36' with options: None
2025-03-06 17:47:10.383 +05:00 [INF] Executed DbCommand (104ms) [Parameters=[], CommandType='"Text"', CommandTimeout='30']
SELECT [b].[Id], [b].[AuthorId], [b].[Price], [b].[Stock], [b].[Title], [a].[Id], [a].[Name]
FROM [Books] AS [b]
INNER JOIN [Authors] AS [a] ON [b].[AuthorId] = [a].[Id]
2025-03-06 17:47:10.910 +05:00 [INF] Executed endpoint 'Hot Chocolate GraphQL Pipeline'
2025-03-06 17:47:10.919 +05:00 [INF] Request finished HTTP/2 POST https://localhost:7292/graphql application/json 57 - 200 - application/graphql-response+json;+charset=utf-8 1650.6795ms
2025-03-06 17:48:37.445 +05:00 [INF] Request starting HTTP/2 OPTIONS https://localhost:7292/graphql - -
2025-03-06 17:48:37.455 +05:00 [INF] CORS policy execution successful.
2025-03-06 17:48:37.456 +05:00 [INF] Request finished HTTP/2 OPTIONS https://localhost:7292/graphql - - - 204 - - 12.0352ms
2025-03-06 17:48:37.462 +05:00 [INF] Request starting HTTP/2 POST https://localhost:7292/graphql application/json;+charset=utf-8 212
2025-03-06 17:48:37.463 +05:00 [INF] CORS policy execution successful.
2025-03-06 17:48:37.466 +05:00 [INF] Executing endpoint 'Hot Chocolate GraphQL Pipeline'
2025-03-06 17:48:44.089 +05:00 [INF] Executed endpoint 'Hot Chocolate GraphQL Pipeline'
2025-03-06 17:48:44.093 +05:00 [INF] Request finished HTTP/2 POST https://localhost:7292/graphql application/json;+charset=utf-8 212 - 500 - application/graphql-response+json;+charset=utf-8 6631.6056ms
2025-03-06 17:55:40.370 +05:00 [INF] Request starting HTTP/2 OPTIONS https://localhost:7292/graphql - -
2025-03-06 17:55:40.395 +05:00 [INF] CORS policy execution successful.
2025-03-06 17:55:40.396 +05:00 [INF] Request finished HTTP/2 OPTIONS https://localhost:7292/graphql - - - 204 - - 26.0747ms
2025-03-06 17:55:40.399 +05:00 [INF] Request starting HTTP/2 POST https://localhost:7292/graphql application/json 43
2025-03-06 17:55:40.403 +05:00 [INF] CORS policy execution successful.
2025-03-06 17:55:40.405 +05:00 [INF] Executing endpoint 'Hot Chocolate GraphQL Pipeline'
2025-03-06 17:55:40.512 +05:00 [INF] Entity Framework Core 6.0.36 initialized 'BookstoreDbContext' using provider 'Microsoft.EntityFrameworkCore.SqlServer:6.0.36' with options: None
2025-03-06 17:55:40.595 +05:00 [INF] Executed DbCommand (17ms) [Parameters=[@__p_0='?' (DbType = Int32)], CommandType='"Text"', CommandTimeout='30']
SELECT TOP(1) [b].[Id], [b].[AuthorId], [b].[Price], [b].[Stock], [b].[Title]
FROM [Books] AS [b]
WHERE [b].[Id] = @__p_0
2025-03-06 17:55:40.833 +05:00 [INF] Executed DbCommand (11ms) [Parameters=[@p1='?' (DbType = Int32), @p0='?' (DbType = Int32)], CommandType='"Text"', CommandTimeout='30']
SET NOCOUNT ON;
UPDATE [Books] SET [Stock] = @p0
WHERE [Id] = @p1;
SELECT @@ROWCOUNT;
2025-03-06 17:55:40.937 +05:00 [INF] Executed endpoint 'Hot Chocolate GraphQL Pipeline'
2025-03-06 17:55:40.941 +05:00 [INF] Request finished HTTP/2 POST https://localhost:7292/graphql application/json 43 - 200 - application/graphql-response+json;+charset=utf-8 542.0908ms
2025-03-06 17:55:41.068 +05:00 [INF] Request starting HTTP/2 POST https://localhost:7292/graphql application/json 57
2025-03-06 17:55:41.106 +05:00 [INF] CORS policy execution successful.
2025-03-06 17:55:41.109 +05:00 [INF] Executing endpoint 'Hot Chocolate GraphQL Pipeline'
2025-03-06 17:55:41.115 +05:00 [INF] Entity Framework Core 6.0.36 initialized 'BookstoreDbContext' using provider 'Microsoft.EntityFrameworkCore.SqlServer:6.0.36' with options: None
2025-03-06 17:55:41.130 +05:00 [INF] Executed DbCommand (7ms) [Parameters=[], CommandType='"Text"', CommandTimeout='30']
SELECT [b].[Id], [b].[AuthorId], [b].[Price], [b].[Stock], [b].[Title], [a].[Id], [a].[Name]
FROM [Books] AS [b]
INNER JOIN [Authors] AS [a] ON [b].[AuthorId] = [a].[Id]
2025-03-06 17:55:41.137 +05:00 [INF] Executed endpoint 'Hot Chocolate GraphQL Pipeline'
2025-03-06 17:55:41.144 +05:00 [INF] Request finished HTTP/2 POST https://localhost:7292/graphql application/json 57 - 200 - application/graphql-response+json;+charset=utf-8 79.0750ms
2025-03-06 17:55:58.017 +05:00 [INF] Request starting HTTP/2 OPTIONS https://localhost:7292/graphql - -
2025-03-06 17:55:58.055 +05:00 [INF] CORS policy execution successful.
2025-03-06 17:55:58.063 +05:00 [INF] Request finished HTTP/2 OPTIONS https://localhost:7292/graphql - - - 204 - - 45.6225ms
2025-03-06 17:55:58.105 +05:00 [INF] Request starting HTTP/2 POST https://localhost:7292/graphql application/json 43
2025-03-06 17:55:58.116 +05:00 [INF] CORS policy execution successful.
2025-03-06 17:55:58.117 +05:00 [INF] Executing endpoint 'Hot Chocolate GraphQL Pipeline'
2025-03-06 17:55:58.122 +05:00 [INF] Entity Framework Core 6.0.36 initialized 'BookstoreDbContext' using provider 'Microsoft.EntityFrameworkCore.SqlServer:6.0.36' with options: None
2025-03-06 17:55:58.138 +05:00 [INF] Executed DbCommand (7ms) [Parameters=[@__p_0='?' (DbType = Int32)], CommandType='"Text"', CommandTimeout='30']
SELECT TOP(1) [b].[Id], [b].[AuthorId], [b].[Price], [b].[Stock], [b].[Title]
FROM [Books] AS [b]
WHERE [b].[Id] = @__p_0
2025-03-06 17:55:58.155 +05:00 [INF] Executed DbCommand (4ms) [Parameters=[@p1='?' (DbType = Int32), @p0='?' (DbType = Int32)], CommandType='"Text"', CommandTimeout='30']
SET NOCOUNT ON;
UPDATE [Books] SET [Stock] = @p0
WHERE [Id] = @p1;
SELECT @@ROWCOUNT;
2025-03-06 17:55:58.163 +05:00 [INF] Executed endpoint 'Hot Chocolate GraphQL Pipeline'
2025-03-06 17:55:58.167 +05:00 [INF] Request finished HTTP/2 POST https://localhost:7292/graphql application/json 43 - 200 - application/graphql-response+json;+charset=utf-8 61.9805ms
2025-03-06 17:55:58.184 +05:00 [INF] Request starting HTTP/2 POST https://localhost:7292/graphql application/json 57
2025-03-06 17:55:58.205 +05:00 [INF] CORS policy execution successful.
2025-03-06 17:55:58.210 +05:00 [INF] Executing endpoint 'Hot Chocolate GraphQL Pipeline'
2025-03-06 17:55:58.218 +05:00 [INF] Entity Framework Core 6.0.36 initialized 'BookstoreDbContext' using provider 'Microsoft.EntityFrameworkCore.SqlServer:6.0.36' with options: None
2025-03-06 17:55:58.237 +05:00 [INF] Executed DbCommand (11ms) [Parameters=[], CommandType='"Text"', CommandTimeout='30']
SELECT [b].[Id], [b].[AuthorId], [b].[Price], [b].[Stock], [b].[Title], [a].[Id], [a].[Name]
FROM [Books] AS [b]
INNER JOIN [Authors] AS [a] ON [b].[AuthorId] = [a].[Id]
2025-03-06 17:55:58.251 +05:00 [INF] Executed endpoint 'Hot Chocolate GraphQL Pipeline'
2025-03-06 17:55:58.449 +05:00 [INF] Request finished HTTP/2 POST https://localhost:7292/graphql application/json 57 - 200 - application/graphql-response+json;+charset=utf-8 265.7570ms
2025-03-06 17:57:04.342 +05:00 [INF] Request starting HTTP/2 GET https://localhost:7292/graphql/nitro-config.json - -
2025-03-06 17:57:04.345 +05:00 [INF] Executing endpoint 'Hot Chocolate GraphQL Pipeline'
2025-03-06 17:57:05.674 +05:00 [INF] Executed endpoint 'Hot Chocolate GraphQL Pipeline'
2025-03-06 17:57:05.707 +05:00 [INF] Request finished HTTP/2 GET https://localhost:7292/graphql/nitro-config.json - - - 404 9 text/plain 1365.1947ms
2025-03-06 17:57:05.824 +05:00 [INF] Request starting HTTP/2 GET https://localhost:7292/graphql/bcp-config.json - -
2025-03-06 17:57:05.855 +05:00 [INF] Request starting HTTP/2 GET https://localhost:7292/graphql/service-worker.js - -
2025-03-06 17:57:05.860 +05:00 [INF] Executing endpoint 'Hot Chocolate GraphQL Pipeline'
2025-03-06 17:57:05.859 +05:00 [INF] Executing endpoint 'Hot Chocolate GraphQL Pipeline'
2025-03-06 17:57:06.010 +05:00 [INF] Executed endpoint 'Hot Chocolate GraphQL Pipeline'
2025-03-06 17:57:06.023 +05:00 [INF] Executed endpoint 'Hot Chocolate GraphQL Pipeline'
2025-03-06 17:57:06.023 +05:00 [INF] Request finished HTTP/2 GET https://localhost:7292/graphql/service-worker.js - - - 304 - - 167.8903ms
2025-03-06 17:57:06.129 +05:00 [INF] Request finished HTTP/2 GET https://localhost:7292/graphql/bcp-config.json - - - 200 47 application/json;+charset=utf-8 304.9058ms
2025-03-06 17:57:07.429 +05:00 [INF] Request starting HTTP/2 GET https://localhost:7292/graphql/schema.graphql - -
2025-03-06 17:57:07.605 +05:00 [INF] Executing endpoint 'Hot Chocolate GraphQL Pipeline'
2025-03-06 17:57:07.875 +05:00 [INF] Executed endpoint 'Hot Chocolate GraphQL Pipeline'
2025-03-06 17:57:07.888 +05:00 [INF] Request finished HTTP/2 GET https://localhost:7292/graphql/schema.graphql - - - 404 9 text/plain 459.3626ms
2025-03-06 17:57:07.970 +05:00 [INF] Request starting HTTP/2 POST https://localhost:7292/graphql application/json 161
2025-03-06 17:57:07.970 +05:00 [INF] Request starting HTTP/2 POST https://localhost:7292/graphql application/json 158
2025-03-06 17:57:07.970 +05:00 [INF] Request starting HTTP/2 POST https://localhost:7292/graphql application/json 152
2025-03-06 17:57:07.972 +05:00 [INF] Request starting HTTP/2 POST https://localhost:7292/graphql application/json 156
2025-03-06 17:57:07.974 +05:00 [INF] CORS policy execution failed.
2025-03-06 17:57:07.976 +05:00 [INF] CORS policy execution failed.
2025-03-06 17:57:07.978 +05:00 [INF] CORS policy execution failed.
2025-03-06 17:57:07.979 +05:00 [INF] CORS policy execution failed.
2025-03-06 17:57:07.981 +05:00 [INF] Request origin https://localhost:7292 does not have permission to access the resource.
2025-03-06 17:57:07.986 +05:00 [INF] Request origin https://localhost:7292 does not have permission to access the resource.
2025-03-06 17:57:07.988 +05:00 [INF] Request origin https://localhost:7292 does not have permission to access the resource.
2025-03-06 17:57:07.990 +05:00 [INF] Request origin https://localhost:7292 does not have permission to access the resource.
2025-03-06 17:57:07.992 +05:00 [INF] Executing endpoint 'Hot Chocolate GraphQL Pipeline'
2025-03-06 17:57:07.994 +05:00 [INF] Executing endpoint 'Hot Chocolate GraphQL Pipeline'
2025-03-06 17:57:07.995 +05:00 [INF] Executing endpoint 'Hot Chocolate GraphQL Pipeline'
2025-03-06 17:57:07.997 +05:00 [INF] Executing endpoint 'Hot Chocolate GraphQL Pipeline'
2025-03-06 17:57:08.009 +05:00 [INF] Executed endpoint 'Hot Chocolate GraphQL Pipeline'
2025-03-06 17:57:08.014 +05:00 [INF] Executed endpoint 'Hot Chocolate GraphQL Pipeline'
2025-03-06 17:57:08.006 +05:00 [INF] Executed endpoint 'Hot Chocolate GraphQL Pipeline'
2025-03-06 17:57:08.024 +05:00 [INF] Executed endpoint 'Hot Chocolate GraphQL Pipeline'
2025-03-06 17:57:08.026 +05:00 [INF] Request finished HTTP/2 POST https://localhost:7292/graphql application/json 158 - 200 - application/graphql-response+json;+charset=utf-8 55.5440ms
2025-03-06 17:57:08.028 +05:00 [INF] Request finished HTTP/2 POST https://localhost:7292/graphql application/json 152 - 200 - application/graphql-response+json;+charset=utf-8 57.8973ms
2025-03-06 17:57:08.030 +05:00 [INF] Request finished HTTP/2 POST https://localhost:7292/graphql application/json 161 - 200 - application/graphql-response+json;+charset=utf-8 60.0969ms
2025-03-06 17:57:08.037 +05:00 [INF] Request finished HTTP/2 POST https://localhost:7292/graphql application/json 156 - 200 - application/graphql-response+json;+charset=utf-8 65.2309ms
2025-03-06 17:57:08.159 +05:00 [INF] Request starting HTTP/2 POST https://localhost:7292/graphql application/json 1439
2025-03-06 17:57:08.168 +05:00 [INF] CORS policy execution failed.
2025-03-06 17:57:08.170 +05:00 [INF] Request origin https://localhost:7292 does not have permission to access the resource.
2025-03-06 17:57:08.173 +05:00 [INF] Executing endpoint 'Hot Chocolate GraphQL Pipeline'
2025-03-06 17:57:08.181 +05:00 [INF] Executed endpoint 'Hot Chocolate GraphQL Pipeline'
2025-03-06 17:57:08.185 +05:00 [INF] Request finished HTTP/2 POST https://localhost:7292/graphql application/json 1439 - 200 - application/graphql-response+json;+charset=utf-8 28.2980ms
2025-03-06 17:57:08.462 +05:00 [INF] Request starting HTTP/2 GET https://localhost:7292/graphql/service-worker.js - -
2025-03-06 17:57:08.481 +05:00 [INF] Executing endpoint 'Hot Chocolate GraphQL Pipeline'
2025-03-06 17:57:08.520 +05:00 [INF] Executed endpoint 'Hot Chocolate GraphQL Pipeline'
2025-03-06 17:57:08.524 +05:00 [INF] Request finished HTTP/2 GET https://localhost:7292/graphql/service-worker.js - - - 304 - - 61.6306ms
2025-03-06 17:57:38.936 +05:00 [INF] Request starting HTTP/2 GET https://localhost:7292/graphql/service-worker.js - -
2025-03-06 17:57:38.942 +05:00 [INF] Executing endpoint 'Hot Chocolate GraphQL Pipeline'
2025-03-06 17:57:39.000 +05:00 [INF] Executed endpoint 'Hot Chocolate GraphQL Pipeline'
2025-03-06 17:57:39.004 +05:00 [INF] Request finished HTTP/2 GET https://localhost:7292/graphql/service-worker.js - - - 304 - - 68.4365ms
2025-03-06 17:57:43.884 +05:00 [INF] Request starting HTTP/2 POST https://localhost:7292/graphql application/json 176
2025-03-06 17:57:43.887 +05:00 [INF] CORS policy execution failed.
2025-03-06 17:57:43.891 +05:00 [INF] Request origin https://localhost:7292 does not have permission to access the resource.
2025-03-06 17:57:43.896 +05:00 [INF] Executing endpoint 'Hot Chocolate GraphQL Pipeline'
2025-03-06 17:57:44.077 +05:00 [INF] Entity Framework Core 6.0.36 initialized 'BookstoreDbContext' using provider 'Microsoft.EntityFrameworkCore.SqlServer:6.0.36' with options: None
2025-03-06 17:57:44.305 +05:00 [INF] Executed DbCommand (36ms) [Parameters=[@p0='?' (DbType = Int32), @p1='?' (Precision = 18) (Scale = 2) (DbType = Decimal), @p2='?' (DbType = Int32), @p3='?' (Size = 4000)], CommandType='"Text"', CommandTimeout='30']
SET NOCOUNT ON;
INSERT INTO [Books] ([AuthorId], [Price], [Stock], [Title])
VALUES (@p0, @p1, @p2, @p3);
SELECT [Id]
FROM [Books]
WHERE @@ROWCOUNT = 1 AND [Id] = scope_identity();
2025-03-06 17:57:44.365 +05:00 [INF] Executed endpoint 'Hot Chocolate GraphQL Pipeline'
2025-03-06 17:57:44.369 +05:00 [INF] Request finished HTTP/2 POST https://localhost:7292/graphql application/json 176 - 200 - application/graphql-response+json;+charset=utf-8 484.9367ms
2025-03-06 17:57:56.733 +05:00 [INF] Request starting HTTP/2 OPTIONS https://localhost:7292/graphql - -
2025-03-06 17:57:56.737 +05:00 [INF] CORS policy execution successful.
2025-03-06 17:57:56.738 +05:00 [INF] Request finished HTTP/2 OPTIONS https://localhost:7292/graphql - - - 204 - - 6.1811ms
2025-03-06 17:57:56.753 +05:00 [INF] Request starting HTTP/2 POST https://localhost:7292/graphql application/json 57
2025-03-06 17:57:56.770 +05:00 [INF] CORS policy execution successful.
2025-03-06 17:57:56.785 +05:00 [INF] Executing endpoint 'Hot Chocolate GraphQL Pipeline'
2025-03-06 17:57:56.836 +05:00 [INF] Entity Framework Core 6.0.36 initialized 'BookstoreDbContext' using provider 'Microsoft.EntityFrameworkCore.SqlServer:6.0.36' with options: None
2025-03-06 17:57:56.897 +05:00 [INF] Executed DbCommand (21ms) [Parameters=[], CommandType='"Text"', CommandTimeout='30']
SELECT [b].[Id], [b].[AuthorId], [b].[Price], [b].[Stock], [b].[Title], [a].[Id], [a].[Name]
FROM [Books] AS [b]
INNER JOIN [Authors] AS [a] ON [b].[AuthorId] = [a].[Id]
2025-03-06 17:57:56.905 +05:00 [INF] Executed endpoint 'Hot Chocolate GraphQL Pipeline'
2025-03-06 17:57:56.918 +05:00 [INF] Request finished HTTP/2 POST https://localhost:7292/graphql application/json 57 - 200 - application/graphql-response+json;+charset=utf-8 164.3610ms
2025-03-06 17:58:21.387 +05:00 [INF] Request starting HTTP/2 GET https://localhost:7292/graphql/service-worker.js - -
2025-03-06 17:58:21.390 +05:00 [INF] Executing endpoint 'Hot Chocolate GraphQL Pipeline'
2025-03-06 17:58:21.454 +05:00 [INF] Executed endpoint 'Hot Chocolate GraphQL Pipeline'
2025-03-06 17:58:21.456 +05:00 [INF] Request finished HTTP/2 GET https://localhost:7292/graphql/service-worker.js - - - 304 - - 69.0933ms
2025-03-06 17:58:48.359 +05:00 [INF] Request starting HTTP/2 GET https://localhost:7292/graphql/service-worker.js - -
2025-03-06 17:58:48.361 +05:00 [INF] Executing endpoint 'Hot Chocolate GraphQL Pipeline'
2025-03-06 17:58:48.411 +05:00 [INF] Executed endpoint 'Hot Chocolate GraphQL Pipeline'
2025-03-06 17:58:48.414 +05:00 [INF] Request finished HTTP/2 GET https://localhost:7292/graphql/service-worker.js - - - 304 - - 54.5676ms
2025-03-06 17:59:31.439 +05:00 [INF] Request starting HTTP/2 GET https://localhost:7292/graphql/service-worker.js - -
2025-03-06 17:59:31.452 +05:00 [INF] Executing endpoint 'Hot Chocolate GraphQL Pipeline'
2025-03-06 17:59:31.568 +05:00 [INF] Executed endpoint 'Hot Chocolate GraphQL Pipeline'
2025-03-06 17:59:31.587 +05:00 [INF] Request finished HTTP/2 GET https://localhost:7292/graphql/service-worker.js - - - 304 - - 147.8568ms
2025-03-06 17:59:58.507 +05:00 [INF] Request starting HTTP/2 POST https://localhost:7292/graphql application/json 41
2025-03-06 17:59:58.531 +05:00 [INF] CORS policy execution failed.
2025-03-06 17:59:58.541 +05:00 [INF] Request origin https://localhost:7292 does not have permission to access the resource.
2025-03-06 17:59:58.546 +05:00 [INF] Executing endpoint 'Hot Chocolate GraphQL Pipeline'
2025-03-06 17:59:58.587 +05:00 [INF] Executed endpoint 'Hot Chocolate GraphQL Pipeline'
2025-03-06 17:59:58.631 +05:00 [INF] Request finished HTTP/2 POST https://localhost:7292/graphql application/json 41 - 400 - application/graphql-response+json;+charset=utf-8 123.9112ms
2025-03-06 18:02:05.683 +05:00 [INF] Request starting HTTP/2 POST https://localhost:7292/graphql application/json 76
2025-03-06 18:02:05.700 +05:00 [INF] CORS policy execution failed.
2025-03-06 18:02:05.709 +05:00 [INF] Request origin https://localhost:7292 does not have permission to access the resource.
2025-03-06 18:02:05.711 +05:00 [INF] Executing endpoint 'Hot Chocolate GraphQL Pipeline'
2025-03-06 18:02:05.714 +05:00 [INF] Executed endpoint 'Hot Chocolate GraphQL Pipeline'
2025-03-06 18:02:05.717 +05:00 [INF] Request finished HTTP/2 POST https://localhost:7292/graphql application/json 76 - 400 - application/graphql-response+json;+charset=utf-8 33.8673ms
2025-03-06 18:02:05.880 +05:00 [INF] Request starting HTTP/2 POST https://localhost:7292/graphql application/json 76
2025-03-06 18:02:05.884 +05:00 [INF] CORS policy execution failed.
2025-03-06 18:02:05.889 +05:00 [INF] Request origin https://localhost:7292 does not have permission to access the resource.
2025-03-06 18:02:05.891 +05:00 [INF] Executing endpoint 'Hot Chocolate GraphQL Pipeline'
2025-03-06 18:02:05.894 +05:00 [INF] Executed endpoint 'Hot Chocolate GraphQL Pipeline'
2025-03-06 18:02:05.896 +05:00 [INF] Request finished HTTP/2 POST https://localhost:7292/graphql application/json 76 - 400 - application/graphql-response+json;+charset=utf-8 16.1343ms
2025-03-06 18:02:57.949 +05:00 [INF] Request starting HTTP/2 POST https://localhost:7292/graphql application/json 72
2025-03-06 18:02:57.970 +05:00 [INF] CORS policy execution failed.
2025-03-06 18:02:57.972 +05:00 [INF] Request origin https://localhost:7292 does not have permission to access the resource.
2025-03-06 18:02:57.974 +05:00 [INF] Executing endpoint 'Hot Chocolate GraphQL Pipeline'
2025-03-06 18:02:57.977 +05:00 [INF] Entity Framework Core 6.0.36 initialized 'BookstoreDbContext' using provider 'Microsoft.EntityFrameworkCore.SqlServer:6.0.36' with options: None
2025-03-06 18:02:57.994 +05:00 [INF] Executed DbCommand (13ms) [Parameters=[], CommandType='"Text"', CommandTimeout='30']
SELECT [b].[Id], [b].[AuthorId], [b].[Price], [b].[Stock], [b].[Title], [a].[Id], [a].[Name]
FROM [Books] AS [b]
INNER JOIN [Authors] AS [a] ON [b].[AuthorId] = [a].[Id]
2025-03-06 18:02:58.005 +05:00 [INF] Executed endpoint 'Hot Chocolate GraphQL Pipeline'
2025-03-06 18:02:58.007 +05:00 [INF] Request finished HTTP/2 POST https://localhost:7292/graphql application/json 72 - 200 - application/graphql-response+json;+charset=utf-8 57.9555ms
2025-03-06 18:03:29.999 +05:00 [INF] Request starting HTTP/2 POST https://localhost:7292/graphql application/json 108
2025-03-06 18:03:30.011 +05:00 [INF] CORS policy execution failed.
2025-03-06 18:03:30.012 +05:00 [INF] Request origin https://localhost:7292 does not have permission to access the resource.
2025-03-06 18:03:30.015 +05:00 [INF] Executing endpoint 'Hot Chocolate GraphQL Pipeline'
2025-03-06 18:03:30.018 +05:00 [INF] Entity Framework Core 6.0.36 initialized 'BookstoreDbContext' using provider 'Microsoft.EntityFrameworkCore.SqlServer:6.0.36' with options: None
2025-03-06 18:03:30.031 +05:00 [INF] Executed DbCommand (3ms) [Parameters=[], CommandType='"Text"', CommandTimeout='30']
SELECT [b].[Id], [b].[AuthorId], [b].[Price], [b].[Stock], [b].[Title], [a].[Id], [a].[Name]
FROM [Books] AS [b]
INNER JOIN [Authors] AS [a] ON [b].[AuthorId] = [a].[Id]
2025-03-06 18:03:30.041 +05:00 [INF] Executed endpoint 'Hot Chocolate GraphQL Pipeline'
2025-03-06 18:03:30.055 +05:00 [INF] Request finished HTTP/2 POST https://localhost:7292/graphql application/json 108 - 200 - application/graphql-response+json;+charset=utf-8 56.6088ms
2025-03-06 18:04:03.561 +05:00 [INF] Request starting HTTP/2 POST https://localhost:7292/graphql application/json 118
2025-03-06 18:04:03.581 +05:00 [INF] CORS policy execution failed.
2025-03-06 18:04:03.586 +05:00 [INF] Request origin https://localhost:7292 does not have permission to access the resource.
2025-03-06 18:04:03.588 +05:00 [INF] Executing endpoint 'Hot Chocolate GraphQL Pipeline'
2025-03-06 18:04:03.602 +05:00 [INF] Executed endpoint 'Hot Chocolate GraphQL Pipeline'
2025-03-06 18:04:03.604 +05:00 [INF] Request finished HTTP/2 POST https://localhost:7292/graphql application/json 118 - 400 - application/graphql-response+json;+charset=utf-8 43.8296ms
2025-03-06 18:04:10.338 +05:00 [INF] Request starting HTTP/2 POST https://localhost:7292/graphql application/json 114
2025-03-06 18:04:10.341 +05:00 [INF] CORS policy execution failed.
2025-03-06 18:04:10.343 +05:00 [INF] Request origin https://localhost:7292 does not have permission to access the resource.
2025-03-06 18:04:10.345 +05:00 [INF] Executing endpoint 'Hot Chocolate GraphQL Pipeline'
2025-03-06 18:04:10.350 +05:00 [INF] Executed endpoint 'Hot Chocolate GraphQL Pipeline'
2025-03-06 18:04:10.353 +05:00 [INF] Request finished HTTP/2 POST https://localhost:7292/graphql application/json 114 - 400 - application/graphql-response+json;+charset=utf-8 15.0300ms
2025-03-06 18:04:18.042 +05:00 [INF] Request starting HTTP/2 POST https://localhost:7292/graphql application/json 108
2025-03-06 18:04:18.044 +05:00 [INF] CORS policy execution failed.
2025-03-06 18:04:18.046 +05:00 [INF] Request origin https://localhost:7292 does not have permission to access the resource.
2025-03-06 18:04:18.048 +05:00 [INF] Executing endpoint 'Hot Chocolate GraphQL Pipeline'
2025-03-06 18:04:18.051 +05:00 [INF] Entity Framework Core 6.0.36 initialized 'BookstoreDbContext' using provider 'Microsoft.EntityFrameworkCore.SqlServer:6.0.36' with options: None
2025-03-06 18:04:18.059 +05:00 [INF] Executed DbCommand (3ms) [Parameters=[], CommandType='"Text"', CommandTimeout='30']
SELECT [b].[Id], [b].[AuthorId], [b].[Price], [b].[Stock], [b].[Title], [a].[Id], [a].[Name]
FROM [Books] AS [b]
INNER JOIN [Authors] AS [a] ON [b].[AuthorId] = [a].[Id]
2025-03-06 18:04:18.070 +05:00 [INF] Executed endpoint 'Hot Chocolate GraphQL Pipeline'
2025-03-06 18:04:18.078 +05:00 [INF] Request finished HTTP/2 POST https://localhost:7292/graphql application/json 108 - 200 - application/graphql-response+json;+charset=utf-8 35.3883ms
2025-03-06 18:42:20.815 +05:00 [INF] Request starting HTTP/2 POST https://localhost:7292/graphql application/json 98
2025-03-06 18:42:20.821 +05:00 [INF] CORS policy execution failed.
2025-03-06 18:42:20.824 +05:00 [INF] Request origin https://localhost:7292 does not have permission to access the resource.
2025-03-06 18:42:20.826 +05:00 [INF] Executing endpoint 'Hot Chocolate GraphQL Pipeline'
2025-03-06 18:42:20.829 +05:00 [INF] Entity Framework Core 6.0.36 initialized 'BookstoreDbContext' using provider 'Microsoft.EntityFrameworkCore.SqlServer:6.0.36' with options: None
2025-03-06 18:42:20.898 +05:00 [INF] Executed DbCommand (5ms) [Parameters=[], CommandType='"Text"', CommandTimeout='30']
SELECT [b].[Id], [b].[AuthorId], [b].[Price], [b].[Stock], [b].[Title], [a].[Id], [a].[Name]
FROM [Books] AS [b]
INNER JOIN [Authors] AS [a] ON [b].[AuthorId] = [a].[Id]
2025-03-06 18:42:20.908 +05:00 [INF] Executed endpoint 'Hot Chocolate GraphQL Pipeline'
2025-03-06 18:42:20.928 +05:00 [INF] Request finished HTTP/2 POST https://localhost:7292/graphql application/json 98 - 200 - application/graphql-response+json;+charset=utf-8 113.1280ms
2025-03-06 18:42:44.798 +05:00 [INF] Request starting HTTP/2 GET https://localhost:7292/graphql/service-worker.js - -
2025-03-06 18:42:44.805 +05:00 [INF] Executing endpoint 'Hot Chocolate GraphQL Pipeline'
2025-03-06 18:42:46.030 +05:00 [INF] Executed endpoint 'Hot Chocolate GraphQL Pipeline'
2025-03-06 18:42:46.033 +05:00 [INF] Request finished HTTP/2 GET https://localhost:7292/graphql/service-worker.js - - - 304 - - 1235.6517ms
2025-03-06 18:42:47.522 +05:00 [INF] Request starting HTTP/2 GET https://localhost:7292/graphql/service-worker.js - -
2025-03-06 18:42:47.524 +05:00 [INF] Executing endpoint 'Hot Chocolate GraphQL Pipeline'
2025-03-06 18:42:47.673 +05:00 [INF] Executed endpoint 'Hot Chocolate GraphQL Pipeline'
2025-03-06 18:42:47.676 +05:00 [INF] Request finished HTTP/2 GET https://localhost:7292/graphql/service-worker.js - - - 304 - - 154.0509ms
2025-03-06 18:42:51.034 +05:00 [INF] Application is shutting down...
